2019-10-22 14:14:13: [dataHost=localhost1, dataSource=hostM1,statue=ok status -> error status]
2019-10-22 14:14:14: [dataHost=localhost1, dataSource=hostS1,statue=ok status -> error status]
2019-10-22 14:16:14: [Host=localhost1,result=[hostM1->hostS1],reason=heartbeat error]
2019-10-22 14:16:14: [dataHost=localhost1, dataSource=hostS2,statue=ok status -> error status]
2019-10-22 14:18:13: [dataHost=localhost1, dataSource=hostM1,statue=error status -> timeout status]
2019-10-22 14:19:17: [dataHost=localhost1, dataSource=hostM1,statue=timeout status -> error status]
2019-10-22 14:20:13: [dataHost=localhost1, dataSource=hostM1,statue=error status -> timeout status]
2019-10-22 14:21:23: [dataHost=localhost1, dataSource=hostM1,statue=timeout status -> error status]
2019-10-22 14:23:13: [dataHost=localhost1, dataSource=hostM1,statue=error status -> timeout status]
2019-10-22 14:24:23: [dataHost=localhost1, dataSource=hostM1,statue=timeout status -> error status]
2019-10-29 17:31:33: [dataHost=localhost2, dataSource=hostM2,statue=ok status -> error status]
2019-10-29 17:31:33: [dataHost=localhost4, dataSource=hostM3,statue=ok status -> error status]
2019-10-29 17:31:33: [dataHost=localhost3, dataSource=hostM3,statue=ok status -> error status]
2019-10-29 17:33:54: [dataHost=localhost3, dataSource=hostM3,statue=error status -> ok status]
2019-10-29 17:33:54: [dataHost=localhost4, dataSource=hostM3,statue=error status -> ok status]
2019-10-29 17:33:54: [dataHost=localhost2, dataSource=hostM2,statue=error status -> ok status]
2019-10-30 11:03:29: [dataHost=localhost1, dataSource=hostS2,statue=ok status -> error status]
2019-10-30 11:33:27: [dataHost=localhost1, dataSource=hostS2,statue=ok status -> error status]
2019-10-30 11:45:49: [dataHost=localhost1, dataSource=hostS2,statue=ok status -> error status]
2019-10-30 13:02:00: [dataHost=localhost1, dataSource=hostS2,statue=ok status -> error status]
2019-10-30 13:15:18: [dataHost=localhost1, dataSource=hostS2,statue=ok status -> error status]
2019-10-31 09:50:40: [dataHost=localhost1, dataSource=hostS2,statue=ok status -> error status]
2019-10-31 10:55:20: [dataHost=localhost1, dataSource=hostS2,statue=ok status -> error status]
2019-10-31 11:13:48: [dataHost=localhost1, dataSource=hostS2,statue=ok status -> error status]
2019-10-31 13:48:13: [dataHost=localhost1, dataSource=hostS2,statue=ok status -> error status]
2019-10-31 15:25:30: [dataHost=localhost1, dataSource=hostS2,statue=error status -> timeout status]
2019-10-31 15:26:03: [dataHost=localhost1, dataSource=hostS2,statue=timeout status -> error status]
2019-11-01 14:28:45: [dataHost=localserver, dataSource=hostM5,statue=ok status -> error status]
2019-11-01 14:29:04: [dataHost=localserver, dataSource=hostM5,statue=error status -> ok status]
2019-11-01 14:43:45: [dataHost=localhost3, dataSource=hostM3,statue=ok status -> error status]
2019-11-01 14:43:45: [dataHost=localhost2, dataSource=hostM2,statue=ok status -> error status]
